# JRE version: OpenJDK Runtime Environment (8.0_152-b01) (build 1.8.0_152-release-1343-b01)
# Java VM: OpenJDK 64-Bit Server VM (25.152-b01 mixed mode windows-amd64 compressed oops)
Heap:
 PSYoungGen      total 278016K, used 266386K [0x00000000e0000000, 0x00000000f8e00000, 0x0000000100000000)
  eden space 230400K, 94% used [0x00000000e0000000,0x00000000ed5abbf8,0x00000000ee100000)
  from space 47616K, 99% used [0x00000000ee100000,0x00000000f0f78fc8,0x00000000f0f80000)
  to   space 65024K, 0% used [0x00000000f4e80000,0x00000000f4e80000,0x00000000f8e00000)
 ParOldGen       total 229888K, used 95370K [0x00000000a0000000, 0x00000000ae080000, 0x00000000e0000000)
  object space 229888K, 41% used [0x00000000a0000000,0x00000000a5d22818,0x00000000ae080000)
 Metaspace       used 139806K, capacity 145051K, committed 145320K, reserved 1175552K
  class space    used 17515K, capacity 18519K, committed 18600K, reserved 1048576K
GC Heap History (10 events):
Event: 651.043 GC heap before
{Heap before GC invocations=23 (full 4):
 PSYoungGen      total 235008K, used 23203K [0x00000000e0000000, 0x00000000f1580000, 0x0000000100000000)
  eden space 211456K, 0% used [0x00000000e0000000,0x00000000e0000000,0x00000000ece80000)
  from space 23552K, 98% used [0x00000000ee380000,0x00000000efa28ff0,0x00000000efa80000)
  to   space 27648K, 0% used [0x00000000efa80000,0x00000000efa80000,0x00000000f1580000)
 ParOldGen       total 135680K, used 84046K [0x00000000a0000000, 0x00000000a8480000, 0x00000000e0000000)
  object space 135680K, 61% used [0x00000000a0000000,0x00000000a5213830,0x00000000a8480000)
 Metaspace       used 94805K, capacity 98572K, committed 98600K, reserved 1134592K
  class space    used 12076K, capacity 12817K, committed 12840K, reserved 1048576K
Event: 651.446 GC heap after
Heap after GC invocations=23 (full 4):
 PSYoungGen      total 235008K, used 0K [0x00000000e0000000, 0x00000000f1580000, 0x0000000100000000)
  eden space 211456K, 0% used [0x00000000e0000000,0x00000000e0000000,0x00000000ece80000)
  from space 23552K, 0% used [0x00000000ee380000,0x00000000ee380000,0x00000000efa80000)
  to   space 27648K, 0% used [0x00000000efa80000,0x00000000efa80000,0x00000000f1580000)
 ParOldGen       total 229888K, used 64824K [0x00000000a0000000, 0x00000000ae080000, 0x00000000e0000000)
  object space 229888K, 28% used [0x00000000a0000000,0x00000000a3f4e030,0x00000000ae080000)
 Metaspace       used 94639K, capacity 98098K, committed 98600K, reserved 1134592K
  class space    used 12020K, capacity 12724K, committed 12840K, reserved 1048576K
}
Event: 654.623 GC heap before
{Heap before GC invocations=24 (full 4):
 PSYoungGen      total 235008K, used 211456K [0x00000000e0000000, 0x00000000f1580000, 0x0000000100000000)
  eden space 211456K, 100% used [0x00000000e0000000,0x00000000ece80000,0x00000000ece80000)
  from space 23552K, 0% used [0x00000000ee380000,0x00000000ee380000,0x00000000efa80000)
  to   space 27648K, 0% used [0x00000000efa80000,0x00000000efa80000,0x00000000f1580000)
 ParOldGen       total 229888K, used 64824K [0x00000000a0000000, 0x00000000ae080000, 0x00000000e0000000)
  object space 229888K, 28% used [0x00000000a0000000,0x00000000a3f4e030,0x00000000ae080000)
 Metaspace       used 98125K, capacity 101772K, committed 102184K, reserved 1138688K
  class space    used 12458K, capacity 13187K, committed 13352K, reserved 1048576K
Event: 654.637 GC heap after
Heap after GC invocations=24 (full 4):
 PSYoungGen      total 247808K, used 5909K [0x00000000e0000000, 0x00000000f2400000, 0x0000000100000000)
  eden space 220160K, 0% used [0x00000000e0000000,0x00000000e0000000,0x00000000ed700000)
  from space 27648K, 21% used [0x00000000efa80000,0x00000000f0045618,0x00000000f1580000)
  to   space 36352K, 0% used [0x00000000ed700000,0x00000000ed700000,0x00000000efa80000)
 ParOldGen       total 229888K, used 64832K [0x00000000a0000000, 0x00000000ae080000, 0x00000000e0000000)
  object space 229888K, 28% used [0x00000000a0000000,0x00000000a3f50030,0x00000000ae080000)
 Metaspace       used 98125K, capacity 101772K, committed 102184K, reserved 1138688K
  class space    used 12458K, capacity 13187K, committed 13352K, reserved 1048576K
}
Event: 662.970 GC heap before
{Heap before GC invocations=25 (full 4):
 PSYoungGen      total 247808K, used 226069K [0x00000000e0000000, 0x00000000f2400000, 0x0000000100000000)
  eden space 220160K, 100% used [0x00000000e0000000,0x00000000ed700000,0x00000000ed700000)
  from space 27648K, 21% used [0x00000000efa80000,0x00000000f0045618,0x00000000f1580000)
  to   space 36352K, 0% used [0x00000000ed700000,0x00000000ed700000,0x00000000efa80000)
 ParOldGen       total 229888K, used 64832K [0x00000000a0000000, 0x00000000ae080000, 0x00000000e0000000)
  object space 229888K, 28% used [0x00000000a0000000,0x00000000a3f50030,0x00000000ae080000)
 Metaspace       used 125145K, capacity 129335K, committed 129576K, reserved 1161216K
  class space    used 16034K, capacity 16880K, committed 16936K, reserved 1048576K
Event: 663.010 GC heap after
Heap after GC invocations=25 (full 4):
 PSYoungGen      total 256512K, used 36322K [0x00000000e0000000, 0x00000000f3a00000, 0x0000000100000000)
  eden space 220160K, 0% used [0x00000000e0000000,0x00000000e0000000,0x00000000ed700000)
  from space 36352K, 99% used [0x00000000ed700000,0x00000000efa788b0,0x00000000efa80000)
  to   space 43520K, 0% used [0x00000000f0f80000,0x00000000f0f80000,0x00000000f3a00000)
 ParOldGen       total 229888K, used 68799K [0x00000000a0000000, 0x00000000ae080000, 0x00000000e0000000)
  object space 229888K, 29% used [0x00000000a0000000,0x00000000a432ffc0,0x00000000ae080000)
 Metaspace       used 125145K, capacity 129335K, committed 129576K, reserved 1161216K
  class space    used 16034K, capacity 16880K, committed 16936K, reserved 1048576K
}
Event: 674.555 GC heap before
{Heap before GC invocations=26 (full 4):
 PSYoungGen      total 256512K, used 256482K [0x00000000e0000000, 0x00000000f3a00000, 0x0000000100000000)
  eden space 220160K, 100% used [0x00000000e0000000,0x00000000ed700000,0x00000000ed700000)
  from space 36352K, 99% used [0x00000000ed700000,0x00000000efa788b0,0x00000000efa80000)
  to   space 43520K, 0% used [0x00000000f0f80000,0x00000000f0f80000,0x00000000f3a00000)
 ParOldGen       total 229888K, used 68799K [0x00000000a0000000, 0x00000000ae080000, 0x00000000e0000000)
  object space 229888K, 29% used [0x00000000a0000000,0x00000000a432ffc0,0x00000000ae080000)
 Metaspace       used 137135K, capacity 141691K, committed 141864K, reserved 1173504K
  class space    used 17223K, capacity 18155K, committed 18216K, reserved 1048576K
Event: 674.608 GC heap after
Heap after GC invocations=26 (full 4):
 PSYoungGen      total 273920K, used 37101K [0x00000000e0000000, 0x00000000f4180000, 0x0000000100000000)
  eden space 230400K, 0% used [0x00000000e0000000,0x00000000e0000000,0x00000000ee100000)
  from space 43520K, 85% used [0x00000000f0f80000,0x00000000f33bb6a0,0x00000000f3a00000)
  to   space 47616K, 0% used [0x00000000ee100000,0x00000000ee100000,0x00000000f0f80000)
 ParOldGen       total 229888K, used 68892K [0x00000000a0000000, 0x00000000ae080000, 0x00000000e0000000)
  object space 229888K, 29% used [0x00000000a0000000,0x00000000a4347370,0x00000000ae080000)
 Metaspace       used 137135K, capacity 141691K, committed 141864K, reserved 1173504K
  class space    used 17223K, capacity 18155K, committed 18216K, reserved 1048576K
}
Event: 675.579 GC heap before
{Heap before GC invocations=27 (full 4):
 PSYoungGen      total 273920K, used 267501K [0x00000000e0000000, 0x00000000f4180000, 0x0000000100000000)
  eden space 230400K, 100% used [0x00000000e0000000,0x00000000ee100000,0x00000000ee100000)
  from space 43520K, 85% used [0x00000000f0f80000,0x00000000f33bb6a0,0x00000000f3a00000)
  to   space 47616K, 0% used [0x00000000ee100000,0x00000000ee100000,0x00000000f0f80000)
 ParOldGen       total 229888K, used 68892K [0x00000000a0000000, 0x00000000ae080000, 0x00000000e0000000)
  object space 229888K, 29% used [0x00000000a0000000,0x00000000a4347370,0x00000000ae080000)
 Metaspace       used 137184K, capacity 141769K, committed 141864K, reserved 1173504K
  class space    used 17224K, capacity 18156K, committed 18216K, reserved 1048576K
Event: 675.699 GC heap after
Heap after GC invocations=27 (full 4):
 PSYoungGen      total 278016K, used 47587K [0x00000000e0000000, 0x00000000f8e00000, 0x0000000100000000)
  eden space 230400K, 0% used [0x00000000e0000000,0x00000000e0000000,0x00000000ee100000)
  from space 47616K, 99% used [0x00000000ee100000,0x00000000f0f78fc8,0x00000000f0f80000)
  to   space 65024K, 0% used [0x00000000f4e80000,0x00000000f4e80000,0x00000000f8e00000)
 ParOldGen       total 229888K, used 95370K [0x00000000a0000000, 0x00000000ae080000, 0x00000000e0000000)
  object space 229888K, 41% used [0x00000000a0000000,0x00000000a5d22818,0x00000000ae080000)
 Metaspace       used 137184K, capacity 141769K, committed 141864K, reserved 1173504K
  class space    used 17224K, capacity 18156K, committed 18216K, reserved 1048576K
}

